{"/Users/maximilianoculen/Documents/TestChallengeTN/arithmetic-calculator-backend/src/handlers/operations/operations.ts": {"path":"/Users/maximilianoculen/Documents/TestChallengeTN/arithmetic-calculator-backend/src/handlers/operations/operations.ts","statementMap":{"0":{"start":{"line":2,"column":0},"end":{"line":2,"column":76}},"1":{"start":{"line":3,"column":0},"end":{"line":3,"column":87}},"2":{"start":{"line":4,"column":0},"end":{"line":4,"column":60}},"3":{"start":{"line":5,"column":0},"end":{"line":5,"column":28}},"4":{"start":{"line":13,"column":52},"end":{"line":72,"column":1}},"5":{"start":{"line":14,"column":2},"end":{"line":71,"column":3}},"6":{"start":{"line":15,"column":58},"end":{"line":15,"column":88}},"7":{"start":{"line":17,"column":17},"end":{"line":17,"column":42}},"8":{"start":{"line":18,"column":4},"end":{"line":23,"column":5}},"9":{"start":{"line":19,"column":6},"end":{"line":22,"column":8}},"10":{"start":{"line":25,"column":22},"end":{"line":25,"column":61}},"11":{"start":{"line":26,"column":4},"end":{"line":31,"column":5}},"12":{"start":{"line":27,"column":6},"end":{"line":30,"column":8}},"13":{"start":{"line":33,"column":4},"end":{"line":38,"column":5}},"14":{"start":{"line":34,"column":6},"end":{"line":37,"column":8}},"15":{"start":{"line":40,"column":19},"end":{"line":40,"column":73}},"16":{"start":{"line":41,"column":23},"end":{"line":41,"column":52}},"17":{"start":{"line":43,"column":4},"end":{"line":43,"column":48}},"18":{"start":{"line":45,"column":19},"end":{"line":52,"column":6}},"19":{"start":{"line":54,"column":4},"end":{"line":57,"column":6}},"20":{"start":{"line":59,"column":4},"end":{"line":66,"column":5}},"21":{"start":{"line":60,"column":6},"end":{"line":65,"column":7}},"22":{"start":{"line":61,"column":8},"end":{"line":64,"column":10}},"23":{"start":{"line":67,"column":4},"end":{"line":70,"column":6}},"24":{"start":{"line":13,"column":13},"end":{"line":13,"column":52}}},"fnMap":{"0":{"name":"(anonymous_1)","decl":{"start":{"line":13,"column":52},"end":{"line":13,"column":57}},"loc":{"start":{"line":13,"column":100},"end":{"line":72,"column":1}}}},"branchMap":{"0":{"loc":{"start":{"line":15,"column":69},"end":{"line":15,"column":87}},"type":"binary-expr","locations":[{"start":{"line":15,"column":69},"end":{"line":15,"column":79}},{"start":{"line":15,"column":83},"end":{"line":15,"column":87}}]},"1":{"loc":{"start":{"line":18,"column":4},"end":{"line":23,"column":5}},"type":"if","locations":[{"start":{"line":18,"column":4},"end":{"line":23,"column":5}}]},"2":{"loc":{"start":{"line":26,"column":4},"end":{"line":31,"column":5}},"type":"if","locations":[{"start":{"line":26,"column":4},"end":{"line":31,"column":5}}]},"3":{"loc":{"start":{"line":33,"column":4},"end":{"line":38,"column":5}},"type":"if","locations":[{"start":{"line":33,"column":4},"end":{"line":38,"column":5}}]},"4":{"loc":{"start":{"line":59,"column":4},"end":{"line":66,"column":5}},"type":"if","locations":[{"start":{"line":59,"column":4},"end":{"line":66,"column":5}}]},"5":{"loc":{"start":{"line":60,"column":6},"end":{"line":65,"column":7}},"type":"if","locations":[{"start":{"line":60,"column":6},"end":{"line":65,"column":7}}]}},"s":{"0":1,"1":1,"2":1,"3":1,"4":1,"5":6,"6":6,"7":6,"8":5,"9":1,"10":4,"11":4,"12":1,"13":3,"14":1,"15":2,"16":1,"17":1,"18":1,"19":1,"20":2,"21":2,"22":1,"23":1,"24":1},"f":{"0":6},"b":{"0":[6,0],"1":[1],"2":[1],"3":[1],"4":[2],"5":[1]}}
,"/Users/maximilianoculen/Documents/TestChallengeTN/arithmetic-calculator-backend/src/handlers/records/deleteRecord.ts": {"path":"/Users/maximilianoculen/Documents/TestChallengeTN/arithmetic-calculator-backend/src/handlers/records/deleteRecord.ts","statementMap":{"0":{"start":{"line":2,"column":0},"end":{"line":2,"column":64}},"1":{"start":{"line":10,"column":49},"end":{"line":35,"column":1}},"2":{"start":{"line":11,"column":2},"end":{"line":34,"column":3}},"3":{"start":{"line":12,"column":33},"end":{"line":12,"column":66}},"4":{"start":{"line":14,"column":4},"end":{"line":19,"column":5}},"5":{"start":{"line":15,"column":6},"end":{"line":18,"column":8}},"6":{"start":{"line":21,"column":4},"end":{"line":21,"column":37}},"7":{"start":{"line":23,"column":4},"end":{"line":26,"column":6}},"8":{"start":{"line":29,"column":4},"end":{"line":29,"column":56}},"9":{"start":{"line":30,"column":4},"end":{"line":33,"column":6}},"10":{"start":{"line":10,"column":13},"end":{"line":10,"column":49}}},"fnMap":{"0":{"name":"(anonymous_0)","decl":{"start":{"line":10,"column":49},"end":{"line":10,"column":54}},"loc":{"start":{"line":10,"column":65},"end":{"line":35,"column":1}}}},"branchMap":{"0":{"loc":{"start":{"line":12,"column":33},"end":{"line":12,"column":66}},"type":"binary-expr","locations":[{"start":{"line":12,"column":33},"end":{"line":12,"column":60}},{"start":{"line":12,"column":64},"end":{"line":12,"column":66}}]},"1":{"loc":{"start":{"line":14,"column":4},"end":{"line":19,"column":5}},"type":"if","locations":[{"start":{"line":14,"column":4},"end":{"line":19,"column":5}}]},"2":{"loc":{"start":{"line":14,"column":8},"end":{"line":14,"column":28}},"type":"binary-expr","locations":[{"start":{"line":14,"column":8},"end":{"line":14,"column":15}},{"start":{"line":14,"column":19},"end":{"line":14,"column":28}}]}},"s":{"0":1,"1":1,"2":3,"3":3,"4":3,"5":1,"6":2,"7":1,"8":1,"9":1,"10":1},"f":{"0":3},"b":{"0":[3,0],"1":[1],"2":[3,2]}}
,"/Users/maximilianoculen/Documents/TestChallengeTN/arithmetic-calculator-backend/src/handlers/records/getUserRecords.ts": {"path":"/Users/maximilianoculen/Documents/TestChallengeTN/arithmetic-calculator-backend/src/handlers/records/getUserRecords.ts","statementMap":{"0":{"start":{"line":2,"column":0},"end":{"line":2,"column":62}},"1":{"start":{"line":23,"column":49},"end":{"line":69,"column":1}},"2":{"start":{"line":24,"column":2},"end":{"line":68,"column":3}},"3":{"start":{"line":25,"column":19},"end":{"line":25,"column":70}},"4":{"start":{"line":27,"column":4},"end":{"line":32,"column":5}},"5":{"start":{"line":28,"column":6},"end":{"line":31,"column":8}},"6":{"start":{"line":34,"column":36},"end":{"line":43,"column":null}},"7":{"start":{"line":46,"column":23},"end":{"line":46,"column":62}},"8":{"start":{"line":48,"column":4},"end":{"line":60,"column":6}},"9":{"start":{"line":63,"column":4},"end":{"line":63,"column":57}},"10":{"start":{"line":64,"column":4},"end":{"line":67,"column":6}},"11":{"start":{"line":23,"column":13},"end":{"line":23,"column":49}},"12":{"start":{"line":72,"column":2},"end":{"line":82,"column":4}},"13":{"start":{"line":86,"column":2},"end":{"line":90,"column":4}}},"fnMap":{"0":{"name":"(anonymous_0)","decl":{"start":{"line":23,"column":49},"end":{"line":23,"column":54}},"loc":{"start":{"line":23,"column":65},"end":{"line":69,"column":1}}},"1":{"name":"parseQueryParams","decl":{"start":{"line":71,"column":9},"end":{"line":71,"column":25}},"loc":{"start":{"line":71,"column":73},"end":{"line":83,"column":1}}},"2":{"name":"formatRecord","decl":{"start":{"line":85,"column":9},"end":{"line":85,"column":21}},"loc":{"start":{"line":85,"column":31},"end":{"line":91,"column":1}}}},"branchMap":{"0":{"loc":{"start":{"line":25,"column":36},"end":{"line":25,"column":69}},"type":"binary-expr","locations":[{"start":{"line":25,"column":36},"end":{"line":25,"column":63}},{"start":{"line":25,"column":67},"end":{"line":25,"column":69}}]},"1":{"loc":{"start":{"line":27,"column":4},"end":{"line":32,"column":5}},"type":"if","locations":[{"start":{"line":27,"column":4},"end":{"line":32,"column":5}}]},"2":{"loc":{"start":{"line":73,"column":12},"end":{"line":73,"column":36}},"type":"binary-expr","locations":[{"start":{"line":73,"column":12},"end":{"line":73,"column":30}},{"start":{"line":73,"column":34},"end":{"line":73,"column":36}}]},"3":{"loc":{"start":{"line":74,"column":19},"end":{"line":74,"column":42}},"type":"binary-expr","locations":[{"start":{"line":74,"column":19},"end":{"line":74,"column":35}},{"start":{"line":74,"column":39},"end":{"line":74,"column":42}}]},"4":{"loc":{"start":{"line":75,"column":23},"end":{"line":75,"column":54}},"type":"binary-expr","locations":[{"start":{"line":75,"column":23},"end":{"line":75,"column":46}},{"start":{"line":75,"column":50},"end":{"line":75,"column":54}}]},"5":{"loc":{"start":{"line":79,"column":13},"end":{"line":79,"column":65}},"type":"binary-expr","locations":[{"start":{"line":79,"column":13},"end":{"line":79,"column":49}},{"start":{"line":79,"column":53},"end":{"line":79,"column":65}}]},"6":{"loc":{"start":{"line":80,"column":15},"end":{"line":80,"column":63}},"type":"cond-expr","locations":[{"start":{"line":80,"column":49},"end":{"line":80,"column":54}},{"start":{"line":80,"column":57},"end":{"line":80,"column":63}}]}},"s":{"0":1,"1":1,"2":3,"3":3,"4":3,"5":1,"6":2,"7":1,"8":1,"9":1,"10":1,"11":1,"12":3,"13":1},"f":{"0":3,"1":3,"2":1},"b":{"0":[3,0],"1":[1],"2":[3,1],"3":[3,0],"4":[3,3],"5":[3,0],"6":[3,0]}}
,"/Users/maximilianoculen/Documents/TestChallengeTN/arithmetic-calculator-backend/src/handlers/user/postConfirmation.ts": {"path":"/Users/maximilianoculen/Documents/TestChallengeTN/arithmetic-calculator-backend/src/handlers/user/postConfirmation.ts","statementMap":{"0":{"start":{"line":2,"column":0},"end":{"line":2,"column":56}},"1":{"start":{"line":3,"column":0},"end":{"line":3,"column":56}},"2":{"start":{"line":12,"column":23},"end":{"line":30,"column":1}},"3":{"start":{"line":17,"column":2},"end":{"line":17,"column":53}},"4":{"start":{"line":19,"column":2},"end":{"line":27,"column":3}},"5":{"start":{"line":20,"column":31},"end":{"line":20,"column":44}},"6":{"start":{"line":22,"column":4},"end":{"line":26,"column":5}},"7":{"start":{"line":23,"column":6},"end":{"line":23,"column":39}},"8":{"start":{"line":25,"column":6},"end":{"line":25,"column":60}},"9":{"start":{"line":29,"column":2},"end":{"line":29,"column":24}},"10":{"start":{"line":12,"column":13},"end":{"line":12,"column":23}}},"fnMap":{"0":{"name":"(anonymous_0)","decl":{"start":{"line":12,"column":23},"end":{"line":12,"column":28}},"loc":{"start":{"line":16,"column":4},"end":{"line":30,"column":1}}}},"branchMap":{"0":{"loc":{"start":{"line":19,"column":2},"end":{"line":27,"column":3}},"type":"if","locations":[{"start":{"line":19,"column":2},"end":{"line":27,"column":3}}]}},"s":{"0":1,"1":1,"2":1,"3":3,"4":3,"5":2,"6":2,"7":2,"8":1,"9":3,"10":1},"f":{"0":3},"b":{"0":[2]}}
,"/Users/maximilianoculen/Documents/TestChallengeTN/arithmetic-calculator-backend/src/handlers/user/updateBalance.ts": {"path":"/Users/maximilianoculen/Documents/TestChallengeTN/arithmetic-calculator-backend/src/handlers/user/updateBalance.ts","statementMap":{"0":{"start":{"line":2,"column":0},"end":{"line":2,"column":55}},"1":{"start":{"line":3,"column":0},"end":{"line":3,"column":82}},"2":{"start":{"line":4,"column":0},"end":{"line":4,"column":63}},"3":{"start":{"line":5,"column":0},"end":{"line":5,"column":74}},"4":{"start":{"line":13,"column":47},"end":{"line":27,"column":1}},"5":{"start":{"line":14,"column":2},"end":{"line":14,"column":54}},"6":{"start":{"line":16,"column":2},"end":{"line":26,"column":3}},"7":{"start":{"line":17,"column":31},"end":{"line":17,"column":52}},"8":{"start":{"line":18,"column":4},"end":{"line":18,"column":47}},"9":{"start":{"line":20,"column":23},"end":{"line":20,"column":62}},"10":{"start":{"line":22,"column":4},"end":{"line":22,"column":88}},"11":{"start":{"line":24,"column":4},"end":{"line":24,"column":54}},"12":{"start":{"line":25,"column":4},"end":{"line":25,"column":30}},"13":{"start":{"line":13,"column":13},"end":{"line":13,"column":47}}},"fnMap":{"0":{"name":"(anonymous_0)","decl":{"start":{"line":13,"column":47},"end":{"line":13,"column":52}},"loc":{"start":{"line":13,"column":95},"end":{"line":27,"column":1}}}},"branchMap":{},"s":{"0":1,"1":1,"2":1,"3":1,"4":1,"5":3,"6":3,"7":3,"8":3,"9":2,"10":1,"11":2,"12":2,"13":1},"f":{"0":3},"b":{}}
,"/Users/maximilianoculen/Documents/TestChallengeTN/arithmetic-calculator-backend/src/services/operationService.ts": {"path":"/Users/maximilianoculen/Documents/TestChallengeTN/arithmetic-calculator-backend/src/services/operationService.ts","statementMap":{"0":{"start":{"line":22,"column":0},"end":{"line":22,"column":7}},"1":{"start":{"line":49,"column":0},"end":{"line":49,"column":7}},"2":{"start":{"line":77,"column":0},"end":{"line":77,"column":7}},"3":{"start":{"line":2,"column":0},"end":{"line":2,"column":26}},"4":{"start":{"line":4,"column":0},"end":{"line":4,"column":46}},"5":{"start":{"line":5,"column":0},"end":{"line":5,"column":52}},"6":{"start":{"line":14,"column":19},"end":{"line":14,"column":30}},"7":{"start":{"line":23,"column":16},"end":{"line":23,"column":66}},"8":{"start":{"line":24,"column":17},"end":{"line":24,"column":23}},"9":{"start":{"line":26,"column":2},"end":{"line":39,"column":3}},"10":{"start":{"line":27,"column":19},"end":{"line":27,"column":50}},"11":{"start":{"line":28,"column":4},"end":{"line":34,"column":5}},"12":{"start":{"line":29,"column":6},"end":{"line":33,"column":8}},"13":{"start":{"line":35,"column":4},"end":{"line":35,"column":16}},"14":{"start":{"line":37,"column":4},"end":{"line":37,"column":48}},"15":{"start":{"line":38,"column":4},"end":{"line":38,"column":16}},"16":{"start":{"line":50,"column":2},"end":{"line":50,"column":52}},"17":{"start":{"line":51,"column":25},"end":{"line":51,"column":47}},"18":{"start":{"line":53,"column":2},"end":{"line":69,"column":3}},"19":{"start":{"line":55,"column":6},"end":{"line":55,"column":38}},"20":{"start":{"line":57,"column":6},"end":{"line":57,"column":38}},"21":{"start":{"line":59,"column":6},"end":{"line":59,"column":38}},"22":{"start":{"line":61,"column":6},"end":{"line":61,"column":58}},"23":{"start":{"line":61,"column":22},"end":{"line":61,"column":58}},"24":{"start":{"line":62,"column":6},"end":{"line":62,"column":38}},"25":{"start":{"line":64,"column":6},"end":{"line":64,"column":40}},"26":{"start":{"line":66,"column":6},"end":{"line":66,"column":37}},"27":{"start":{"line":68,"column":6},"end":{"line":68,"column":48}},"28":{"start":{"line":78,"column":2},"end":{"line":95,"column":3}},"29":{"start":{"line":79,"column":21},"end":{"line":90,"column":6}},"30":{"start":{"line":91,"column":4},"end":{"line":91,"column":32}},"31":{"start":{"line":93,"column":4},"end":{"line":93,"column":54}},"32":{"start":{"line":94,"column":4},"end":{"line":94,"column":56}}},"fnMap":{"0":{"name":"getOperationByType","decl":{"start":{"line":22,"column":22},"end":{"line":22,"column":40}},"loc":{"start":{"line":22,"column":64},"end":{"line":40,"column":1}}},"1":{"name":"performOperation","decl":{"start":{"line":49,"column":22},"end":{"line":49,"column":38}},"loc":{"start":{"line":49,"column":87},"end":{"line":70,"column":1}}},"2":{"name":"getRandomString","decl":{"start":{"line":77,"column":22},"end":{"line":77,"column":37}},"loc":{"start":{"line":77,"column":37},"end":{"line":96,"column":1}}}},"branchMap":{"0":{"loc":{"start":{"line":28,"column":4},"end":{"line":34,"column":5}},"type":"if","locations":[{"start":{"line":28,"column":4},"end":{"line":34,"column":5}}]},"1":{"loc":{"start":{"line":28,"column":8},"end":{"line":28,"column":23}},"type":"cond-expr","locations":[{"start":{"line":28,"column":14},"end":{"line":28,"column":16}},{"start":{"line":28,"column":8},"end":{"line":28,"column":23}}]},"2":{"loc":{"start":{"line":28,"column":8},"end":{"line":28,"column":16}},"type":"binary-expr","locations":[{"start":{"line":28,"column":8},"end":{"line":28,"column":16}},{"start":{"line":28,"column":8},"end":{"line":28,"column":16}}]},"3":{"loc":{"start":{"line":30,"column":12},"end":{"line":30,"column":30}},"type":"cond-expr","locations":[{"start":{"line":30,"column":18},"end":{"line":30,"column":20}},{"start":{"line":30,"column":12},"end":{"line":30,"column":30}}]},"4":{"loc":{"start":{"line":30,"column":12},"end":{"line":30,"column":20}},"type":"binary-expr","locations":[{"start":{"line":30,"column":12},"end":{"line":30,"column":20}},{"start":{"line":30,"column":12},"end":{"line":30,"column":20}}]},"5":{"loc":{"start":{"line":31,"column":14},"end":{"line":31,"column":51}},"type":"cond-expr","locations":[{"start":{"line":31,"column":20},"end":{"line":31,"column":22}},{"start":{"line":31,"column":14},"end":{"line":31,"column":51}}]},"6":{"loc":{"start":{"line":31,"column":14},"end":{"line":31,"column":22}},"type":"binary-expr","locations":[{"start":{"line":31,"column":14},"end":{"line":31,"column":22}},{"start":{"line":31,"column":14},"end":{"line":31,"column":22}}]},"7":{"loc":{"start":{"line":32,"column":21},"end":{"line":32,"column":41}},"type":"cond-expr","locations":[{"start":{"line":32,"column":27},"end":{"line":32,"column":29}},{"start":{"line":32,"column":21},"end":{"line":32,"column":41}}]},"8":{"loc":{"start":{"line":32,"column":21},"end":{"line":32,"column":29}},"type":"binary-expr","locations":[{"start":{"line":32,"column":21},"end":{"line":32,"column":29}},{"start":{"line":32,"column":21},"end":{"line":32,"column":29}}]},"9":{"loc":{"start":{"line":53,"column":2},"end":{"line":69,"column":3}},"type":"switch","locations":[{"start":{"line":54,"column":4},"end":{"line":55,"column":38}},{"start":{"line":56,"column":4},"end":{"line":57,"column":38}},{"start":{"line":58,"column":4},"end":{"line":59,"column":38}},{"start":{"line":60,"column":4},"end":{"line":62,"column":38}},{"start":{"line":63,"column":4},"end":{"line":64,"column":40}},{"start":{"line":65,"column":4},"end":{"line":66,"column":37}},{"start":{"line":67,"column":4},"end":{"line":68,"column":48}}]},"10":{"loc":{"start":{"line":61,"column":6},"end":{"line":61,"column":58}},"type":"if","locations":[{"start":{"line":61,"column":6},"end":{"line":61,"column":58}}]}},"s":{"0":2,"1":2,"2":2,"3":2,"4":2,"5":2,"6":2,"7":0,"8":0,"9":0,"10":0,"11":0,"12":0,"13":0,"14":0,"15":0,"16":6,"17":6,"18":6,"19":1,"20":1,"21":1,"22":2,"23":1,"24":1,"25":1,"26":0,"27":0,"28":2,"29":2,"30":1,"31":1,"32":1},"f":{"0":0,"1":6,"2":2},"b":{"0":[0],"1":[0,0],"2":[0,0],"3":[0,0],"4":[0,0],"5":[0,0],"6":[0,0],"7":[0,0],"8":[0,0],"9":[1,1,1,2,1,0,0],"10":[1]}}
,"/Users/maximilianoculen/Documents/TestChallengeTN/arithmetic-calculator-backend/src/services/recordService.ts": {"path":"/Users/maximilianoculen/Documents/TestChallengeTN/arithmetic-calculator-backend/src/services/recordService.ts","statementMap":{"0":{"start":{"line":9,"column":0},"end":{"line":9,"column":7}},"1":{"start":{"line":36,"column":0},"end":{"line":36,"column":7}},"2":{"start":{"line":69,"column":0},"end":{"line":69,"column":7}},"3":{"start":{"line":1,"column":0},"end":{"line":1,"column":36}},"4":{"start":{"line":2,"column":0},"end":{"line":2,"column":28}},"5":{"start":{"line":4,"column":0},"end":{"line":4,"column":46}},"6":{"start":{"line":5,"column":0},"end":{"line":5,"column":52}},"7":{"start":{"line":7,"column":13},"end":{"line":7,"column":24}},"8":{"start":{"line":10,"column":28},"end":{"line":15,"column":4}},"9":{"start":{"line":17,"column":2},"end":{"line":17,"column":52}},"10":{"start":{"line":19,"column":16},"end":{"line":23,"column":4}},"11":{"start":{"line":24,"column":17},"end":{"line":25,"column":112}},"12":{"start":{"line":27,"column":2},"end":{"line":33,"column":3}},"13":{"start":{"line":28,"column":19},"end":{"line":28,"column":52}},"14":{"start":{"line":29,"column":4},"end":{"line":29,"column":27}},"15":{"start":{"line":31,"column":4},"end":{"line":31,"column":45}},"16":{"start":{"line":32,"column":4},"end":{"line":32,"column":16}},"17":{"start":{"line":47,"column":2},"end":{"line":47,"column":130}},"18":{"start":{"line":49,"column":32},"end":{"line":49,"column":103}},"19":{"start":{"line":50,"column":36},"end":{"line":50,"column":103}},"20":{"start":{"line":51,"column":21},"end":{"line":51,"column":51}},"21":{"start":{"line":53,"column":2},"end":{"line":66,"column":3}},"22":{"start":{"line":54,"column":38},"end":{"line":57,"column":6}},"23":{"start":{"line":59,"column":4},"end":{"line":62,"column":6}},"24":{"start":{"line":64,"column":4},"end":{"line":64,"column":51}},"25":{"start":{"line":65,"column":4},"end":{"line":65,"column":16}},"26":{"start":{"line":70,"column":2},"end":{"line":70,"column":42}},"27":{"start":{"line":71,"column":16},"end":{"line":71,"column":65}},"28":{"start":{"line":72,"column":2},"end":{"line":77,"column":3}},"29":{"start":{"line":73,"column":4},"end":{"line":73,"column":35}},"30":{"start":{"line":75,"column":4},"end":{"line":75,"column":50}},"31":{"start":{"line":76,"column":4},"end":{"line":76,"column":16}},"32":{"start":{"line":87,"column":18},"end":{"line":91,"column":4}},"33":{"start":{"line":92,"column":24},"end":{"line":92,"column":32}},"34":{"start":{"line":93,"column":19},"end":{"line":93,"column":20}},"35":{"start":{"line":95,"column":2},"end":{"line":98,"column":3}},"36":{"start":{"line":96,"column":4},"end":{"line":96,"column":57}},"37":{"start":{"line":97,"column":4},"end":{"line":97,"column":31}},"38":{"start":{"line":100,"column":2},"end":{"line":103,"column":3}},"39":{"start":{"line":101,"column":4},"end":{"line":101,"column":89}},"40":{"start":{"line":102,"column":4},"end":{"line":102,"column":108}},"41":{"start":{"line":105,"column":2},"end":{"line":116,"column":3}},"42":{"start":{"line":106,"column":4},"end":{"line":114,"column":7}},"43":{"start":{"line":115,"column":4},"end":{"line":115,"column":37}},"44":{"start":{"line":118,"column":2},"end":{"line":118,"column":31}},"45":{"start":{"line":129,"column":20},"end":{"line":142,"column":4}},"46":{"start":{"line":144,"column":21},"end":{"line":144,"column":47}},"47":{"start":{"line":146,"column":2},"end":{"line":146,"column":35}}},"fnMap":{"0":{"name":"createRecord","decl":{"start":{"line":9,"column":22},"end":{"line":9,"column":34}},"loc":{"start":{"line":9,"column":73},"end":{"line":34,"column":1}}},"1":{"name":"getUserRecords","decl":{"start":{"line":36,"column":22},"end":{"line":36,"column":36}},"loc":{"start":{"line":45,"column":23},"end":{"line":67,"column":1}}},"2":{"name":"softDeleteRecord","decl":{"start":{"line":69,"column":22},"end":{"line":69,"column":38}},"loc":{"start":{"line":69,"column":49},"end":{"line":78,"column":1}}},"3":{"name":"buildBaseQuery","decl":{"start":{"line":80,"column":9},"end":{"line":80,"column":23}},"loc":{"start":{"line":85,"column":23},"end":{"line":119,"column":1}}},"4":{"name":"buildDataQuery","decl":{"start":{"line":121,"column":9},"end":{"line":121,"column":23}},"loc":{"start":{"line":127,"column":16},"end":{"line":147,"column":1}}}},"branchMap":{"0":{"loc":{"start":{"line":28,"column":25},"end":{"line":28,"column":51}},"type":"cond-expr","locations":[{"start":{"line":28,"column":29},"end":{"line":28,"column":31}},{"start":{"line":28,"column":25},"end":{"line":28,"column":51}}]},"1":{"loc":{"start":{"line":28,"column":25},"end":{"line":28,"column":31}},"type":"binary-expr","locations":[{"start":{"line":28,"column":25},"end":{"line":28,"column":31}},{"start":{"line":28,"column":25},"end":{"line":28,"column":31}}]},"2":{"loc":{"start":{"line":29,"column":11},"end":{"line":29,"column":26}},"type":"cond-expr","locations":[{"start":{"line":29,"column":17},"end":{"line":29,"column":19}},{"start":{"line":29,"column":11},"end":{"line":29,"column":26}}]},"3":{"loc":{"start":{"line":29,"column":11},"end":{"line":29,"column":19}},"type":"binary-expr","locations":[{"start":{"line":29,"column":11},"end":{"line":29,"column":19}},{"start":{"line":29,"column":11},"end":{"line":29,"column":19}}]},"4":{"loc":{"start":{"line":43,"column":2},"end":{"line":43,"column":38}},"type":"default-arg","locations":[{"start":{"line":43,"column":26},"end":{"line":43,"column":38}}]},"5":{"loc":{"start":{"line":44,"column":2},"end":{"line":44,"column":36}},"type":"default-arg","locations":[{"start":{"line":44,"column":30},"end":{"line":44,"column":36}}]},"6":{"loc":{"start":{"line":55,"column":6},"end":{"line":55,"column":40}},"type":"cond-expr","locations":[{"start":{"line":55,"column":10},"end":{"line":55,"column":12}},{"start":{"line":55,"column":6},"end":{"line":55,"column":40}}]},"7":{"loc":{"start":{"line":55,"column":6},"end":{"line":55,"column":12}},"type":"binary-expr","locations":[{"start":{"line":55,"column":6},"end":{"line":55,"column":12}},{"start":{"line":55,"column":6},"end":{"line":55,"column":12}}]},"8":{"loc":{"start":{"line":56,"column":6},"end":{"line":56,"column":37}},"type":"cond-expr","locations":[{"start":{"line":56,"column":10},"end":{"line":56,"column":12}},{"start":{"line":56,"column":6},"end":{"line":56,"column":37}}]},"9":{"loc":{"start":{"line":56,"column":6},"end":{"line":56,"column":12}},"type":"binary-expr","locations":[{"start":{"line":56,"column":6},"end":{"line":56,"column":12}},{"start":{"line":56,"column":6},"end":{"line":56,"column":12}}]},"10":{"loc":{"start":{"line":60,"column":15},"end":{"line":60,"column":31}},"type":"cond-expr","locations":[{"start":{"line":60,"column":25},"end":{"line":60,"column":27}},{"start":{"line":60,"column":15},"end":{"line":60,"column":31}}]},"11":{"loc":{"start":{"line":60,"column":15},"end":{"line":60,"column":27}},"type":"binary-expr","locations":[{"start":{"line":60,"column":15},"end":{"line":60,"column":27}},{"start":{"line":60,"column":15},"end":{"line":60,"column":27}}]},"12":{"loc":{"start":{"line":61,"column":27},"end":{"line":61,"column":54}},"type":"cond-expr","locations":[{"start":{"line":61,"column":47},"end":{"line":61,"column":49}},{"start":{"line":61,"column":47},"end":{"line":61,"column":54}}]},"13":{"loc":{"start":{"line":61,"column":27},"end":{"line":61,"column":49}},"type":"binary-expr","locations":[{"start":{"line":61,"column":27},"end":{"line":61,"column":49}},{"start":{"line":61,"column":47},"end":{"line":61,"column":49}}]},"14":{"loc":{"start":{"line":61,"column":27},"end":{"line":61,"column":47}},"type":"cond-expr","locations":[{"start":{"line":61,"column":38},"end":{"line":61,"column":40}},{"start":{"line":61,"column":27},"end":{"line":61,"column":47}}]},"15":{"loc":{"start":{"line":61,"column":27},"end":{"line":61,"column":40}},"type":"binary-expr","locations":[{"start":{"line":61,"column":27},"end":{"line":61,"column":40}},{"start":{"line":61,"column":27},"end":{"line":61,"column":40}}]},"16":{"loc":{"start":{"line":73,"column":10},"end":{"line":73,"column":34}},"type":"cond-expr","locations":[{"start":{"line":73,"column":14},"end":{"line":73,"column":16}},{"start":{"line":73,"column":10},"end":{"line":73,"column":34}}]},"17":{"loc":{"start":{"line":73,"column":10},"end":{"line":73,"column":16}},"type":"binary-expr","locations":[{"start":{"line":73,"column":10},"end":{"line":73,"column":16}},{"start":{"line":73,"column":10},"end":{"line":73,"column":16}}]},"18":{"loc":{"start":{"line":95,"column":2},"end":{"line":98,"column":3}},"type":"if","locations":[{"start":{"line":95,"column":2},"end":{"line":98,"column":3}}]},"19":{"loc":{"start":{"line":100,"column":2},"end":{"line":103,"column":3}},"type":"if","locations":[{"start":{"line":100,"column":2},"end":{"line":103,"column":3}}]},"20":{"loc":{"start":{"line":100,"column":6},"end":{"line":100,"column":26}},"type":"binary-expr","locations":[{"start":{"line":100,"column":6},"end":{"line":100,"column":15}},{"start":{"line":100,"column":19},"end":{"line":100,"column":26}}]},"21":{"loc":{"start":{"line":105,"column":2},"end":{"line":116,"column":3}},"type":"if","locations":[{"start":{"line":105,"column":2},"end":{"line":116,"column":3}}]}},"s":{"0":3,"1":3,"2":3,"3":3,"4":3,"5":3,"6":3,"7":3,"8":0,"9":0,"10":0,"11":0,"12":0,"13":0,"14":0,"15":0,"16":0,"17":0,"18":0,"19":0,"20":0,"21":0,"22":0,"23":0,"24":0,"25":0,"26":0,"27":0,"28":0,"29":0,"30":0,"31":0,"32":0,"33":0,"34":0,"35":0,"36":0,"37":0,"38":0,"39":0,"40":0,"41":0,"42":0,"43":0,"44":0,"45":0,"46":0,"47":0},"f":{"0":0,"1":0,"2":0,"3":0,"4":0},"b":{"0":[0,0],"1":[0,0],"2":[0,0],"3":[0,0],"4":[0],"5":[0],"6":[0,0],"7":[0,0],"8":[0,0],"9":[0,0],"10":[0,0],"11":[0,0],"12":[0,0],"13":[0,0],"14":[0,0],"15":[0,0],"16":[0,0],"17":[0,0],"18":[0],"19":[0],"20":[0,0],"21":[0]}}
,"/Users/maximilianoculen/Documents/TestChallengeTN/arithmetic-calculator-backend/src/services/userService.ts": {"path":"/Users/maximilianoculen/Documents/TestChallengeTN/arithmetic-calculator-backend/src/services/userService.ts","statementMap":{"0":{"start":{"line":11,"column":0},"end":{"line":11,"column":7}},"1":{"start":{"line":35,"column":0},"end":{"line":35,"column":7}},"2":{"start":{"line":61,"column":0},"end":{"line":61,"column":7}},"3":{"start":{"line":85,"column":0},"end":{"line":85,"column":7}},"4":{"start":{"line":3,"column":0},"end":{"line":3,"column":59}},"5":{"start":{"line":4,"column":0},"end":{"line":4,"column":52}},"6":{"start":{"line":12,"column":15},"end":{"line":12,"column":26}},"7":{"start":{"line":13,"column":2},"end":{"line":27,"column":3}},"8":{"start":{"line":14,"column":18},"end":{"line":14,"column":59}},"9":{"start":{"line":15,"column":19},"end":{"line":15,"column":54}},"10":{"start":{"line":17,"column":4},"end":{"line":23,"column":5}},"11":{"start":{"line":18,"column":6},"end":{"line":18,"column":56}},"12":{"start":{"line":19,"column":6},"end":{"line":19,"column":28}},"13":{"start":{"line":21,"column":6},"end":{"line":21,"column":58}},"14":{"start":{"line":22,"column":6},"end":{"line":22,"column":18}},"15":{"start":{"line":25,"column":4},"end":{"line":25,"column":54}},"16":{"start":{"line":26,"column":4},"end":{"line":26,"column":16}},"17":{"start":{"line":36,"column":15},"end":{"line":36,"column":26}},"18":{"start":{"line":37,"column":2},"end":{"line":51,"column":3}},"19":{"start":{"line":38,"column":18},"end":{"line":38,"column":53}},"20":{"start":{"line":39,"column":19},"end":{"line":39,"column":48}},"21":{"start":{"line":41,"column":4},"end":{"line":47,"column":5}},"22":{"start":{"line":42,"column":6},"end":{"line":42,"column":44}},"23":{"start":{"line":43,"column":6},"end":{"line":43,"column":28}},"24":{"start":{"line":45,"column":6},"end":{"line":45,"column":46}},"25":{"start":{"line":46,"column":6},"end":{"line":46,"column":18}},"26":{"start":{"line":49,"column":4},"end":{"line":49,"column":48}},"27":{"start":{"line":50,"column":4},"end":{"line":50,"column":16}},"28":{"start":{"line":62,"column":15},"end":{"line":62,"column":26}},"29":{"start":{"line":63,"column":2},"end":{"line":75,"column":3}},"30":{"start":{"line":64,"column":18},"end":{"line":64,"column":63}},"31":{"start":{"line":65,"column":19},"end":{"line":65,"column":60}},"32":{"start":{"line":67,"column":4},"end":{"line":69,"column":5}},"33":{"start":{"line":68,"column":6},"end":{"line":68,"column":40}},"34":{"start":{"line":71,"column":4},"end":{"line":71,"column":56}},"35":{"start":{"line":73,"column":4},"end":{"line":73,"column":51}},"36":{"start":{"line":74,"column":4},"end":{"line":74,"column":16}},"37":{"start":{"line":86,"column":30},"end":{"line":86,"column":34}},"38":{"start":{"line":87,"column":2},"end":{"line":113,"column":3}},"39":{"start":{"line":88,"column":4},"end":{"line":88,"column":33}},"40":{"start":{"line":90,"column":4},"end":{"line":90,"column":32}},"41":{"start":{"line":92,"column":24},"end":{"line":96,"column":6}},"42":{"start":{"line":98,"column":4},"end":{"line":103,"column":7}},"43":{"start":{"line":105,"column":4},"end":{"line":105,"column":33}},"44":{"start":{"line":106,"column":4},"end":{"line":106,"column":60}},"45":{"start":{"line":108,"column":4},"end":{"line":108,"column":47}},"46":{"start":{"line":108,"column":16},"end":{"line":108,"column":47}},"47":{"start":{"line":109,"column":4},"end":{"line":109,"column":43}},"48":{"start":{"line":110,"column":4},"end":{"line":110,"column":16}},"49":{"start":{"line":112,"column":4},"end":{"line":112,"column":35}},"50":{"start":{"line":112,"column":16},"end":{"line":112,"column":35}}},"fnMap":{"0":{"name":"getUserByUsername","decl":{"start":{"line":11,"column":22},"end":{"line":11,"column":39}},"loc":{"start":{"line":11,"column":56},"end":{"line":28,"column":1}}},"1":{"name":"getUserById","decl":{"start":{"line":35,"column":22},"end":{"line":35,"column":33}},"loc":{"start":{"line":35,"column":44},"end":{"line":52,"column":1}}},"2":{"name":"updateUserBalance","decl":{"start":{"line":61,"column":22},"end":{"line":61,"column":39}},"loc":{"start":{"line":61,"column":70},"end":{"line":76,"column":1}}},"3":{"name":"createUser","decl":{"start":{"line":85,"column":22},"end":{"line":85,"column":32}},"loc":{"start":{"line":85,"column":52},"end":{"line":114,"column":1}}}},"branchMap":{"0":{"loc":{"start":{"line":17,"column":4},"end":{"line":23,"column":5}},"type":"if","locations":[{"start":{"line":17,"column":4},"end":{"line":23,"column":5}},{"start":{"line":20,"column":11},"end":{"line":23,"column":5}}]},"1":{"loc":{"start":{"line":41,"column":4},"end":{"line":47,"column":5}},"type":"if","locations":[{"start":{"line":41,"column":4},"end":{"line":47,"column":5}},{"start":{"line":44,"column":11},"end":{"line":47,"column":5}}]},"2":{"loc":{"start":{"line":67,"column":4},"end":{"line":69,"column":5}},"type":"if","locations":[{"start":{"line":67,"column":4},"end":{"line":69,"column":5}}]},"3":{"loc":{"start":{"line":101,"column":6},"end":{"line":101,"column":63}},"type":"binary-expr","locations":[{"start":{"line":101,"column":6},"end":{"line":101,"column":39}},{"start":{"line":101,"column":43},"end":{"line":101,"column":63}}]},"4":{"loc":{"start":{"line":108,"column":4},"end":{"line":108,"column":47}},"type":"if","locations":[{"start":{"line":108,"column":4},"end":{"line":108,"column":47}}]},"5":{"loc":{"start":{"line":112,"column":4},"end":{"line":112,"column":35}},"type":"if","locations":[{"start":{"line":112,"column":4},"end":{"line":112,"column":35}}]}},"s":{"0":4,"1":4,"2":4,"3":4,"4":4,"5":4,"6":4,"7":4,"8":4,"9":4,"10":3,"11":1,"12":1,"13":2,"14":2,"15":1,"16":1,"17":3,"18":3,"19":3,"20":3,"21":2,"22":1,"23":1,"24":1,"25":1,"26":1,"27":1,"28":2,"29":2,"30":2,"31":2,"32":1,"33":0,"34":1,"35":1,"36":1,"37":3,"38":3,"39":3,"40":3,"41":2,"42":2,"43":2,"44":2,"45":1,"46":1,"47":1,"48":1,"49":3,"50":3},"f":{"0":4,"1":3,"2":2,"3":3},"b":{"0":[1,2],"1":[1,1],"2":[0],"3":[2,1],"4":[1],"5":[3]}}
,"/Users/maximilianoculen/Documents/TestChallengeTN/arithmetic-calculator-backend/src/utils/database.ts": {"path":"/Users/maximilianoculen/Documents/TestChallengeTN/arithmetic-calculator-backend/src/utils/database.ts","statementMap":{"0":{"start":{"line":8,"column":0},"end":{"line":8,"column":7}},"1":{"start":{"line":25,"column":0},"end":{"line":25,"column":16}},"2":{"start":{"line":1,"column":0},"end":{"line":1,"column":28}},"3":{"start":{"line":2,"column":0},"end":{"line":2,"column":26}},"4":{"start":{"line":9,"column":17},"end":{"line":15,"column":4}},"5":{"start":{"line":17,"column":2},"end":{"line":17,"column":25}},"6":{"start":{"line":18,"column":2},"end":{"line":18,"column":16}},"7":{"start":{"line":26,"column":2},"end":{"line":32,"column":5}}},"fnMap":{"0":{"name":"getDbClient","decl":{"start":{"line":8,"column":22},"end":{"line":8,"column":33}},"loc":{"start":{"line":8,"column":33},"end":{"line":19,"column":1}}},"1":{"name":"getDbPool","decl":{"start":{"line":25,"column":16},"end":{"line":25,"column":25}},"loc":{"start":{"line":25,"column":25},"end":{"line":33,"column":1}}}},"branchMap":{"0":{"loc":{"start":{"line":11,"column":19},"end":{"line":11,"column":48}},"type":"binary-expr","locations":[{"start":{"line":11,"column":19},"end":{"line":11,"column":38}},{"start":{"line":11,"column":42},"end":{"line":11,"column":48}}]},"1":{"loc":{"start":{"line":28,"column":19},"end":{"line":28,"column":48}},"type":"binary-expr","locations":[{"start":{"line":28,"column":19},"end":{"line":28,"column":38}},{"start":{"line":28,"column":42},"end":{"line":28,"column":48}}]}},"s":{"0":9,"1":9,"2":9,"3":9,"4":0,"5":0,"6":0,"7":4},"f":{"0":0,"1":4},"b":{"0":[0,0],"1":[4,4]}}
,"/Users/maximilianoculen/Documents/TestChallengeTN/arithmetic-calculator-backend/src/utils/logger.ts": {"path":"/Users/maximilianoculen/Documents/TestChallengeTN/arithmetic-calculator-backend/src/utils/logger.ts","statementMap":{"0":{"start":{"line":6,"column":0},"end":{"line":6,"column":16}},"1":{"start":{"line":15,"column":0},"end":{"line":15,"column":16}},"2":{"start":{"line":30,"column":0},"end":{"line":30,"column":16}},"3":{"start":{"line":7,"column":2},"end":{"line":7,"column":66}},"4":{"start":{"line":16,"column":2},"end":{"line":16,"column":25}},"5":{"start":{"line":17,"column":2},"end":{"line":22,"column":3}},"6":{"start":{"line":18,"column":4},"end":{"line":18,"column":51}},"7":{"start":{"line":19,"column":4},"end":{"line":19,"column":47}},"8":{"start":{"line":21,"column":4},"end":{"line":21,"column":35}},"9":{"start":{"line":31,"column":2},"end":{"line":31,"column":52}}},"fnMap":{"0":{"name":"logEvent","decl":{"start":{"line":6,"column":16},"end":{"line":6,"column":24}},"loc":{"start":{"line":6,"column":52},"end":{"line":8,"column":1}}},"1":{"name":"logError","decl":{"start":{"line":15,"column":16},"end":{"line":15,"column":24}},"loc":{"start":{"line":15,"column":52},"end":{"line":23,"column":1}}},"2":{"name":"logInfo","decl":{"start":{"line":30,"column":16},"end":{"line":30,"column":23}},"loc":{"start":{"line":30,"column":54},"end":{"line":32,"column":1}}}},"branchMap":{"0":{"loc":{"start":{"line":7,"column":23},"end":{"line":7,"column":64}},"type":"cond-expr","locations":[{"start":{"line":7,"column":30},"end":{"line":7,"column":59}},{"start":{"line":7,"column":62},"end":{"line":7,"column":64}}]},"1":{"loc":{"start":{"line":17,"column":2},"end":{"line":22,"column":3}},"type":"if","locations":[{"start":{"line":17,"column":2},"end":{"line":22,"column":3}},{"start":{"line":20,"column":9},"end":{"line":22,"column":3}}]}},"s":{"0":7,"1":7,"2":7,"3":0,"4":0,"5":0,"6":0,"7":0,"8":0,"9":0},"f":{"0":0,"1":0,"2":0},"b":{"0":[0,0],"1":[0,0]}}
,"/Users/maximilianoculen/Documents/TestChallengeTN/arithmetic-calculator-backend/src/utils/requestParser.ts": {"path":"/Users/maximilianoculen/Documents/TestChallengeTN/arithmetic-calculator-backend/src/utils/requestParser.ts","statementMap":{"0":{"start":{"line":7,"column":0},"end":{"line":7,"column":16}},"1":{"start":{"line":21,"column":0},"end":{"line":21,"column":16}},"2":{"start":{"line":8,"column":2},"end":{"line":10,"column":3}},"3":{"start":{"line":9,"column":4},"end":{"line":9,"column":44}},"4":{"start":{"line":11,"column":2},"end":{"line":11,"column":26}},"5":{"start":{"line":22,"column":2},"end":{"line":24,"column":3}},"6":{"start":{"line":23,"column":4},"end":{"line":23,"column":49}},"7":{"start":{"line":25,"column":2},"end":{"line":27,"column":3}},"8":{"start":{"line":26,"column":4},"end":{"line":26,"column":49}}},"fnMap":{"0":{"name":"parseBody","decl":{"start":{"line":7,"column":16},"end":{"line":7,"column":25}},"loc":{"start":{"line":7,"column":45},"end":{"line":12,"column":1}}},"1":{"name":"validateUpdateBalanceInput","decl":{"start":{"line":21,"column":16},"end":{"line":21,"column":42}},"loc":{"start":{"line":21,"column":75},"end":{"line":28,"column":1}}}},"branchMap":{"0":{"loc":{"start":{"line":8,"column":2},"end":{"line":10,"column":3}},"type":"if","locations":[{"start":{"line":8,"column":2},"end":{"line":10,"column":3}}]},"1":{"loc":{"start":{"line":22,"column":2},"end":{"line":24,"column":3}},"type":"if","locations":[{"start":{"line":22,"column":2},"end":{"line":24,"column":3}}]},"2":{"loc":{"start":{"line":22,"column":6},"end":{"line":22,"column":43}},"type":"binary-expr","locations":[{"start":{"line":22,"column":6},"end":{"line":22,"column":13}},{"start":{"line":22,"column":17},"end":{"line":22,"column":43}}]},"3":{"loc":{"start":{"line":25,"column":2},"end":{"line":27,"column":3}},"type":"if","locations":[{"start":{"line":25,"column":2},"end":{"line":27,"column":3}}]}},"s":{"0":1,"1":1,"2":0,"3":0,"4":0,"5":0,"6":0,"7":0,"8":0},"f":{"0":0,"1":0},"b":{"0":[0],"1":[0],"2":[0,0],"3":[0]}}
,"/Users/maximilianoculen/Documents/TestChallengeTN/arithmetic-calculator-backend/src/utils/responseHandler.ts": {"path":"/Users/maximilianoculen/Documents/TestChallengeTN/arithmetic-calculator-backend/src/utils/responseHandler.ts","statementMap":{"0":{"start":{"line":9,"column":0},"end":{"line":9,"column":16}},"1":{"start":{"line":21,"column":0},"end":{"line":21,"column":16}},"2":{"start":{"line":10,"column":2},"end":{"line":13,"column":4}},"3":{"start":{"line":22,"column":2},"end":{"line":24,"column":3}},"4":{"start":{"line":23,"column":4},"end":{"line":23,"column":59}},"5":{"start":{"line":25,"column":2},"end":{"line":27,"column":3}},"6":{"start":{"line":26,"column":4},"end":{"line":26,"column":59}},"7":{"start":{"line":28,"column":2},"end":{"line":28,"column":67}}},"fnMap":{"0":{"name":"createResponse","decl":{"start":{"line":9,"column":16},"end":{"line":9,"column":30}},"loc":{"start":{"line":9,"column":63},"end":{"line":14,"column":1}}},"1":{"name":"handleError","decl":{"start":{"line":21,"column":16},"end":{"line":21,"column":27}},"loc":{"start":{"line":21,"column":40},"end":{"line":29,"column":1}}}},"branchMap":{"0":{"loc":{"start":{"line":22,"column":2},"end":{"line":24,"column":3}},"type":"if","locations":[{"start":{"line":22,"column":2},"end":{"line":24,"column":3}}]},"1":{"loc":{"start":{"line":22,"column":6},"end":{"line":22,"column":88}},"type":"binary-expr","locations":[{"start":{"line":22,"column":6},"end":{"line":22,"column":40}},{"start":{"line":22,"column":44},"end":{"line":22,"column":88}}]},"2":{"loc":{"start":{"line":25,"column":2},"end":{"line":27,"column":3}},"type":"if","locations":[{"start":{"line":25,"column":2},"end":{"line":27,"column":3}}]}},"s":{"0":1,"1":1,"2":0,"3":0,"4":0,"5":0,"6":0,"7":0},"f":{"0":0,"1":0},"b":{"0":[0],"1":[0,0],"2":[0]}}
}
