TN:
SF:src/handlers/operations/operations.ts
FN:13,(anonymous_1)
FNF:1
FNH:1
FNDA:6,(anonymous_1)
DA:2,1
DA:3,1
DA:4,1
DA:5,1
DA:13,1
DA:14,6
DA:15,6
DA:17,6
DA:18,5
DA:19,1
DA:25,4
DA:26,4
DA:27,1
DA:33,3
DA:34,1
DA:40,2
DA:41,1
DA:43,1
DA:45,1
DA:54,1
DA:59,2
DA:60,2
DA:61,1
DA:67,1
LF:24
LH:24
BRDA:15,0,0,6
BRDA:15,0,1,0
BRDA:18,1,0,1
BRDA:26,2,0,1
BRDA:33,3,0,1
BRDA:59,4,0,2
BRDA:60,5,0,1
BRF:7
BRH:6
end_of_record
TN:
SF:src/handlers/records/deleteRecord.ts
FN:10,(anonymous_0)
FNF:1
FNH:1
FNDA:3,(anonymous_0)
DA:2,1
DA:10,1
DA:11,3
DA:12,3
DA:14,3
DA:15,1
DA:21,2
DA:23,1
DA:29,1
DA:30,1
LF:10
LH:10
BRDA:12,0,0,3
BRDA:12,0,1,0
BRDA:14,1,0,1
BRDA:14,2,0,3
BRDA:14,2,1,2
BRF:5
BRH:4
end_of_record
TN:
SF:src/handlers/records/getUserRecords.ts
FN:23,(anonymous_0)
FN:71,parseQueryParams
FN:85,formatRecord
FNF:3
FNH:3
FNDA:3,(anonymous_0)
FNDA:3,parseQueryParams
FNDA:1,formatRecord
DA:2,1
DA:23,1
DA:24,3
DA:25,3
DA:27,3
DA:28,1
DA:34,2
DA:46,1
DA:48,1
DA:63,1
DA:64,1
DA:72,3
DA:86,1
LF:13
LH:13
BRDA:25,0,0,3
BRDA:25,0,1,0
BRDA:27,1,0,1
BRDA:73,2,0,3
BRDA:73,2,1,1
BRDA:74,3,0,3
BRDA:74,3,1,0
BRDA:75,4,0,3
BRDA:75,4,1,3
BRDA:79,5,0,3
BRDA:79,5,1,0
BRDA:80,6,0,3
BRDA:80,6,1,0
BRF:13
BRH:9
end_of_record
TN:
SF:src/handlers/user/postConfirmation.ts
FN:12,(anonymous_0)
FNF:1
FNH:1
FNDA:3,(anonymous_0)
DA:2,1
DA:3,1
DA:12,1
DA:17,3
DA:19,3
DA:20,2
DA:22,2
DA:23,2
DA:25,1
DA:29,3
LF:10
LH:10
BRDA:19,0,0,2
BRF:1
BRH:1
end_of_record
TN:
SF:src/handlers/user/updateBalance.ts
FN:13,(anonymous_0)
FNF:1
FNH:1
FNDA:3,(anonymous_0)
DA:2,1
DA:3,1
DA:4,1
DA:5,1
DA:13,1
DA:14,3
DA:16,3
DA:17,3
DA:18,3
DA:20,2
DA:22,1
DA:24,2
DA:25,2
LF:13
LH:13
BRF:0
BRH:0
end_of_record
TN:
SF:src/services/operationService.ts
FN:22,getOperationByType
FN:49,performOperation
FN:77,getRandomString
FNF:3
FNH:2
FNDA:0,getOperationByType
FNDA:6,performOperation
FNDA:2,getRandomString
DA:2,2
DA:4,2
DA:5,2
DA:14,2
DA:22,2
DA:23,0
DA:24,0
DA:26,0
DA:27,0
DA:28,0
DA:29,0
DA:35,0
DA:37,0
DA:38,0
DA:49,2
DA:50,6
DA:51,6
DA:53,6
DA:55,1
DA:57,1
DA:59,1
DA:61,2
DA:62,1
DA:64,1
DA:66,0
DA:68,0
DA:77,2
DA:78,2
DA:79,2
DA:91,1
DA:93,1
DA:94,1
LF:32
LH:21
BRDA:28,0,0,0
BRDA:28,1,0,0
BRDA:28,1,1,0
BRDA:28,2,0,0
BRDA:28,2,1,0
BRDA:30,3,0,0
BRDA:30,3,1,0
BRDA:30,4,0,0
BRDA:30,4,1,0
BRDA:31,5,0,0
BRDA:31,5,1,0
BRDA:31,6,0,0
BRDA:31,6,1,0
BRDA:32,7,0,0
BRDA:32,7,1,0
BRDA:32,8,0,0
BRDA:32,8,1,0
BRDA:53,9,0,1
BRDA:53,9,1,1
BRDA:53,9,2,1
BRDA:53,9,3,2
BRDA:53,9,4,1
BRDA:53,9,5,0
BRDA:53,9,6,0
BRDA:61,10,0,1
BRF:25
BRH:6
end_of_record
TN:
SF:src/services/recordService.ts
FN:9,createRecord
FN:36,getUserRecords
FN:69,softDeleteRecord
FN:80,buildBaseQuery
FN:121,buildDataQuery
FNF:5
FNH:0
FNDA:0,createRecord
FNDA:0,getUserRecords
FNDA:0,softDeleteRecord
FNDA:0,buildBaseQuery
FNDA:0,buildDataQuery
DA:1,3
DA:2,3
DA:4,3
DA:5,3
DA:7,3
DA:9,3
DA:10,0
DA:17,0
DA:19,0
DA:24,0
DA:27,0
DA:28,0
DA:29,0
DA:31,0
DA:32,0
DA:36,3
DA:47,0
DA:49,0
DA:50,0
DA:51,0
DA:53,0
DA:54,0
DA:59,0
DA:64,0
DA:65,0
DA:69,3
DA:70,0
DA:71,0
DA:72,0
DA:73,0
DA:75,0
DA:76,0
DA:87,0
DA:92,0
DA:93,0
DA:95,0
DA:96,0
DA:97,0
DA:100,0
DA:101,0
DA:102,0
DA:105,0
DA:106,0
DA:115,0
DA:118,0
DA:129,0
DA:144,0
DA:146,0
LF:48
LH:8
BRDA:28,0,0,0
BRDA:28,0,1,0
BRDA:28,1,0,0
BRDA:28,1,1,0
BRDA:29,2,0,0
BRDA:29,2,1,0
BRDA:29,3,0,0
BRDA:29,3,1,0
BRDA:43,4,0,0
BRDA:44,5,0,0
BRDA:55,6,0,0
BRDA:55,6,1,0
BRDA:55,7,0,0
BRDA:55,7,1,0
BRDA:56,8,0,0
BRDA:56,8,1,0
BRDA:56,9,0,0
BRDA:56,9,1,0
BRDA:60,10,0,0
BRDA:60,10,1,0
BRDA:60,11,0,0
BRDA:60,11,1,0
BRDA:61,12,0,0
BRDA:61,12,1,0
BRDA:61,13,0,0
BRDA:61,13,1,0
BRDA:61,14,0,0
BRDA:61,14,1,0
BRDA:61,15,0,0
BRDA:61,15,1,0
BRDA:73,16,0,0
BRDA:73,16,1,0
BRDA:73,17,0,0
BRDA:73,17,1,0
BRDA:95,18,0,0
BRDA:100,19,0,0
BRDA:100,20,0,0
BRDA:100,20,1,0
BRDA:105,21,0,0
BRF:39
BRH:0
end_of_record
TN:
SF:src/services/userService.ts
FN:11,getUserByUsername
FN:35,getUserById
FN:61,updateUserBalance
FN:85,createUser
FNF:4
FNH:4
FNDA:4,getUserByUsername
FNDA:3,getUserById
FNDA:2,updateUserBalance
FNDA:3,createUser
DA:3,4
DA:4,4
DA:11,4
DA:12,4
DA:13,4
DA:14,4
DA:15,4
DA:17,3
DA:18,1
DA:19,1
DA:21,2
DA:22,2
DA:25,1
DA:26,1
DA:35,4
DA:36,3
DA:37,3
DA:38,3
DA:39,3
DA:41,2
DA:42,1
DA:43,1
DA:45,1
DA:46,1
DA:49,1
DA:50,1
DA:61,4
DA:62,2
DA:63,2
DA:64,2
DA:65,2
DA:67,1
DA:68,0
DA:71,1
DA:73,1
DA:74,1
DA:85,4
DA:86,3
DA:87,3
DA:88,3
DA:90,3
DA:92,2
DA:98,2
DA:105,2
DA:106,2
DA:108,1
DA:109,1
DA:110,1
DA:112,3
LF:49
LH:48
BRDA:17,0,0,1
BRDA:17,0,1,2
BRDA:41,1,0,1
BRDA:41,1,1,1
BRDA:67,2,0,0
BRDA:101,3,0,2
BRDA:101,3,1,1
BRDA:108,4,0,1
BRDA:112,5,0,3
BRF:9
BRH:8
end_of_record
TN:
SF:src/utils/database.ts
FN:8,getDbClient
FN:25,getDbPool
FNF:2
FNH:1
FNDA:0,getDbClient
FNDA:4,getDbPool
DA:1,9
DA:2,9
DA:8,9
DA:9,0
DA:17,0
DA:18,0
DA:25,9
DA:26,4
LF:8
LH:5
BRDA:11,0,0,0
BRDA:11,0,1,0
BRDA:28,1,0,4
BRDA:28,1,1,4
BRF:4
BRH:2
end_of_record
TN:
SF:src/utils/logger.ts
FN:6,logEvent
FN:15,logError
FN:30,logInfo
FNF:3
FNH:0
FNDA:0,logEvent
FNDA:0,logError
FNDA:0,logInfo
DA:6,7
DA:7,0
DA:15,7
DA:16,0
DA:17,0
DA:18,0
DA:19,0
DA:21,0
DA:30,7
DA:31,0
LF:10
LH:3
BRDA:7,0,0,0
BRDA:7,0,1,0
BRDA:17,1,0,0
BRDA:17,1,1,0
BRF:4
BRH:0
end_of_record
TN:
SF:src/utils/requestParser.ts
FN:7,parseBody
FN:21,validateUpdateBalanceInput
FNF:2
FNH:0
FNDA:0,parseBody
FNDA:0,validateUpdateBalanceInput
DA:7,1
DA:8,0
DA:9,0
DA:11,0
DA:21,1
DA:22,0
DA:23,0
DA:25,0
DA:26,0
LF:9
LH:2
BRDA:8,0,0,0
BRDA:22,1,0,0
BRDA:22,2,0,0
BRDA:22,2,1,0
BRDA:25,3,0,0
BRF:5
BRH:0
end_of_record
TN:
SF:src/utils/responseHandler.ts
FN:9,createResponse
FN:21,handleError
FNF:2
FNH:0
FNDA:0,createResponse
FNDA:0,handleError
DA:9,1
DA:10,0
DA:21,1
DA:22,0
DA:23,0
DA:25,0
DA:26,0
DA:28,0
LF:8
LH:2
BRDA:22,0,0,0
BRDA:22,1,0,0
BRDA:22,1,1,0
BRDA:25,2,0,0
BRF:4
BRH:0
end_of_record
